mode: atomic
github.com/cmwylie19/kubefs/pkg/server/server.go:17.54,18.54 1 1
github.com/cmwylie19/kubefs/pkg/server/server.go:18.54,22.3 3 0
github.com/cmwylie19/kubefs/pkg/server/server.go:35.74,39.16 3 0
github.com/cmwylie19/kubefs/pkg/server/server.go:43.2,44.16 2 0
github.com/cmwylie19/kubefs/pkg/server/server.go:48.2,49.16 2 0
github.com/cmwylie19/kubefs/pkg/server/server.go:52.2,57.41 4 0
github.com/cmwylie19/kubefs/pkg/server/server.go:39.16,41.3 1 0
github.com/cmwylie19/kubefs/pkg/server/server.go:44.16,46.3 1 0
github.com/cmwylie19/kubefs/pkg/server/server.go:49.16,51.3 1 0
github.com/cmwylie19/kubefs/pkg/server/server.go:60.56,71.33 5 0
github.com/cmwylie19/kubefs/pkg/server/server.go:89.2,90.19 2 0
github.com/cmwylie19/kubefs/pkg/server/server.go:71.33,74.17 2 0
github.com/cmwylie19/kubefs/pkg/server/server.go:79.3,79.44 1 0
github.com/cmwylie19/kubefs/pkg/server/server.go:74.17,77.4 2 0
github.com/cmwylie19/kubefs/pkg/server/server.go:79.44,86.4 3 0
github.com/cmwylie19/kubefs/pkg/server/server.go:94.55,96.12 2 1
github.com/cmwylie19/kubefs/pkg/server/server.go:101.2,102.12 2 1
github.com/cmwylie19/kubefs/pkg/server/server.go:107.2,107.40 1 1
github.com/cmwylie19/kubefs/pkg/server/server.go:96.12,99.3 2 0
github.com/cmwylie19/kubefs/pkg/server/server.go:102.12,105.3 2 0
github.com/cmwylie19/kubefs/pkg/server/server.go:109.46,115.2 2 2
github.com/cmwylie19/kubefs/pkg/server/server.go:117.30,121.16 3 0
github.com/cmwylie19/kubefs/pkg/server/server.go:124.2,124.61 1 0
github.com/cmwylie19/kubefs/pkg/server/server.go:121.16,123.3 1 0
github.com/cmwylie19/kubefs/pkg/server/server.go:127.71,135.2 5 0
github.com/cmwylie19/kubefs/pkg/server/server.go:138.59,148.29 8 0
github.com/cmwylie19/kubefs/pkg/server/server.go:165.2,165.12 1 0
github.com/cmwylie19/kubefs/pkg/server/server.go:148.29,152.17 3 0
github.com/cmwylie19/kubefs/pkg/server/server.go:152.17,155.4 2 0
github.com/cmwylie19/kubefs/pkg/server/server.go:156.8,160.17 3 0
github.com/cmwylie19/kubefs/pkg/server/server.go:160.17,163.4 2 0
github.com/cmwylie19/kubefs/pkg/server/server.go:168.35,171.81 2 0
github.com/cmwylie19/kubefs/pkg/server/server.go:185.2,185.16 1 0
github.com/cmwylie19/kubefs/pkg/server/server.go:189.2,189.19 1 0
github.com/cmwylie19/kubefs/pkg/server/server.go:171.81,172.17 1 0
github.com/cmwylie19/kubefs/pkg/server/server.go:175.3,175.20 1 0
github.com/cmwylie19/kubefs/pkg/server/server.go:183.3,183.13 1 0
github.com/cmwylie19/kubefs/pkg/server/server.go:172.17,174.4 1 0
github.com/cmwylie19/kubefs/pkg/server/server.go:175.20,182.4 1 0
github.com/cmwylie19/kubefs/pkg/server/server.go:185.16,187.3 1 0
github.com/cmwylie19/kubefs/pkg/server/server.go:195.68,203.2 4 0
github.com/cmwylie19/kubefs/pkg/server/server.go:205.65,208.30 3 0
github.com/cmwylie19/kubefs/pkg/server/server.go:212.2,212.38 1 0
github.com/cmwylie19/kubefs/pkg/server/server.go:208.30,210.3 1 0
